<?xml version="1.0" encoding="UTF-8"?>
<!-- Generated by org.testng.reporters.JUnitReportReporter -->
<testsuite hostname="Sumit" failures="0" tests="1" name="test.amazon.testFolder.BaseclassTest" time="0.040" errors="1" timestamp="2024-10-20T20:59:20 IST" skipped="0">
  <testcase classname="test.amazon.testFolder.BaseclassTest" name="reportSetup" time="0.040">
    <error type="java.lang.StackOverflowError">
      <![CDATA[java.lang.StackOverflowError
at test.amazon.testFolder.BaseclassTest.reportSetup(BaseclassTest.java:21)
at test.amazon.testFolder.BaseclassTest.reportSetup(BaseclassTest.java:21)
at test.amazon.testFolder.BaseclassTest.reportSetup(BaseclassTest.java:21)
at test.amazon.testFolder.BaseclassTest.reportSetup(BaseclassTest.java:21)
at test.amazon.testFolder.BaseclassTest.reportSetup(BaseclassTest.java:21)
at test.amazon.testFolder.BaseclassTest.reportSetup(BaseclassTest.java:21)
at test.amazon.testFolder.BaseclassTest.reportSetup(BaseclassTest.java:21)
at test.amazon.testFolder.BaseclassTest.reportSetup(BaseclassTest.java:21)
at test.amazon.testFolder.BaseclassTest.reportSetup(BaseclassTest.java:21)
at test.amazon.testFolder.BaseclassTest.reportSetup(BaseclassTest.java:21)
at test.amazon.testFolder.BaseclassTest.reportSetup(BaseclassTest.java:21)
at test.amazon.testFolder.BaseclassTest.reportSetup(BaseclassTest.java:21)
at test.amazon.testFolder.BaseclassTest.reportSetup(BaseclassTest.java:21)
at test.amazon.testFolder.BaseclassTest.reportSetup(BaseclassTest.java:21)
at test.amazon.testFolder.BaseclassTest.reportSetup(BaseclassTest.java:21)
at test.amazon.testFolder.BaseclassTest.reportSetup(BaseclassTest.java:21)
at test.amazon.testFolder.BaseclassTest.reportSetup(BaseclassTest.java:21)
at test.amazon.testFolder.BaseclassTest.reportSetup(BaseclassTest.java:21)
at test.amazon.testFolder.BaseclassTest.reportSetup(BaseclassTest.java:21)
at test.amazon.testFolder.BaseclassTest.reportSetup(BaseclassTest.java:21)
at test.amazon.testFolder.BaseclassTest.reportSetup(BaseclassTest.java:21)
at test.amazon.testFolder.BaseclassTest.reportSetup(BaseclassTest.java:21)
at test.amazon.testFolder.BaseclassTest.reportSetup(BaseclassTest.java:21)
at test.amazon.testFolder.BaseclassTest.reportSetup(BaseclassTest.java:21)
at test.amazon.testFolder.BaseclassTest.reportSetup(BaseclassTest.java:21)
at test.amazon.testFolder.BaseclassTest.reportSetup(BaseclassTest.java:21)
at test.amazon.testFolder.BaseclassTest.reportSetup(BaseclassTest.java:21)
at test.amazon.testFolder.BaseclassTest.reportSetup(BaseclassTest.java:21)
at test.amazon.testFolder.BaseclassTest.reportSetup(BaseclassTest.java:21)
at test.amazon.testFolder.BaseclassTest.reportSetup(BaseclassTest.java:21)
at test.amazon.testFolder.BaseclassTest.reportSetup(BaseclassTest.java:21)
at test.amazon.testFolder.BaseclassTest.reportSetup(BaseclassTest.java:21)
at test.amazon.testFolder.BaseclassTest.reportSetup(BaseclassTest.java:21)
at test.amazon.testFolder.BaseclassTest.reportSetup(BaseclassTest.java:21)
at test.amazon.testFolder.BaseclassTest.reportSetup(BaseclassTest.java:21)
at test.amazon.testFolder.BaseclassTest.reportSetup(BaseclassTest.java:21)
at test.amazon.testFolder.BaseclassTest.reportSetup(BaseclassTest.java:21)
at test.amazon.testFolder.BaseclassTest.reportSetup(BaseclassTest.java:21)
at test.amazon.testFolder.BaseclassTest.reportSetup(BaseclassTest.java:21)
at test.amazon.testFolder.BaseclassTest.reportSetup(BaseclassTest.java:21)
at test.amazon.testFolder.BaseclassTest.reportSetup(BaseclassTest.java:21)
at test.amazon.testFolder.BaseclassTest.reportSetup(BaseclassTest.java:21)
at test.amazon.testFolder.BaseclassTest.reportSetup(BaseclassTest.java:21)
at test.amazon.testFolder.BaseclassTest.reportSetup(BaseclassTest.java:21)
at test.amazon.testFolder.BaseclassTest.reportSetup(BaseclassTest.java:21)
at test.amazon.testFolder.BaseclassTest.reportSetup(BaseclassTest.java:21)
at test.amazon.testFolder.BaseclassTest.reportSetup(BaseclassTest.java:21)
at test.amazon.testFolder.BaseclassTest.reportSetup(BaseclassTest.java:21)
at test.amazon.testFolder.BaseclassTest.reportSetup(BaseclassTest.java:21)
at test.amazon.testFolder.BaseclassTest.reportSetup(BaseclassTest.java:21)
at test.amazon.testFolder.BaseclassTest.reportSetup(BaseclassTest.java:21)
at test.amazon.testFolder.BaseclassTest.reportSetup(BaseclassTest.java:21)
at test.amazon.testFolder.BaseclassTest.reportSetup(BaseclassTest.java:21)
at test.amazon.testFolder.BaseclassTest.reportSetup(BaseclassTest.java:21)
at test.amazon.testFolder.BaseclassTest.reportSetup(BaseclassTest.java:21)
at test.amazon.testFolder.BaseclassTest.reportSetup(BaseclassTest.java:21)
at test.amazon.testFolder.BaseclassTest.reportSetup(BaseclassTest.java:21)
at test.amazon.testFolder.BaseclassTest.reportSetup(BaseclassTest.java:21)
at test.amazon.testFolder.BaseclassTest.reportSetup(BaseclassTest.java:21)
at test.amazon.testFolder.BaseclassTest.reportSetup(BaseclassTest.java:21)
at test.amazon.testFolder.BaseclassTest.reportSetup(BaseclassTest.java:21)
at test.amazon.testFolder.BaseclassTest.reportSetup(BaseclassTest.java:21)
at test.amazon.testFolder.BaseclassTest.reportSetup(BaseclassTest.java:21)
at test.amazon.testFolder.BaseclassTest.reportSetup(BaseclassTest.java:21)
at test.amazon.testFolder.BaseclassTest.reportSetup(BaseclassTest.java:21)
at test.amazon.testFolder.BaseclassTest.reportSetup(BaseclassTest.java:21)
at test.amazon.testFolder.BaseclassTest.reportSetup(BaseclassTest.java:21)
at test.amazon.testFolder.BaseclassTest.reportSetup(BaseclassTest.java:21)
at test.amazon.testFolder.BaseclassTest.reportSetup(BaseclassTest.java:21)
at test.amazon.testFolder.BaseclassTest.reportSetup(BaseclassTest.java:21)
at test.amazon.testFolder.BaseclassTest.reportSetup(BaseclassTest.java:21)
at test.amazon.testFolder.BaseclassTest.reportSetup(BaseclassTest.java:21)
at test.amazon.testFolder.BaseclassTest.reportSetup(BaseclassTest.java:21)
at test.amazon.testFolder.BaseclassTest.reportSetup(BaseclassTest.java:21)
at test.amazon.testFolder.BaseclassTest.reportSetup(BaseclassTest.java:21)
at test.amazon.testFolder.BaseclassTest.reportSetup(BaseclassTest.java:21)
at test.amazon.testFolder.BaseclassTest.reportSetup(BaseclassTest.java:21)
at test.amazon.testFolder.BaseclassTest.reportSetup(BaseclassTest.java:21)
at test.amazon.testFolder.BaseclassTest.reportSetup(BaseclassTest.java:21)
at test.amazon.testFolder.BaseclassTest.reportSetup(BaseclassTest.java:21)
at test.amazon.testFolder.BaseclassTest.reportSetup(BaseclassTest.java:21)
at test.amazon.testFolder.BaseclassTest.reportSetup(BaseclassTest.java:21)
at test.amazon.testFolder.BaseclassTest.reportSetup(BaseclassTest.java:21)
at test.amazon.testFolder.BaseclassTest.reportSetup(BaseclassTest.java:21)
at test.amazon.testFolder.BaseclassTest.reportSetup(BaseclassTest.java:21)
at test.amazon.testFolder.BaseclassTest.reportSetup(BaseclassTest.java:21)
at test.amazon.testFolder.BaseclassTest.reportSetup(BaseclassTest.java:21)
at test.amazon.testFolder.BaseclassTest.reportSetup(BaseclassTest.java:21)
at test.amazon.testFolder.BaseclassTest.reportSetup(BaseclassTest.java:21)
at test.amazon.testFolder.BaseclassTest.reportSetup(BaseclassTest.java:21)
at test.amazon.testFolder.BaseclassTest.reportSetup(BaseclassTest.java:21)
at test.amazon.testFolder.BaseclassTest.reportSetup(BaseclassTest.java:21)
at test.amazon.testFolder.BaseclassTest.reportSetup(BaseclassTest.java:21)
at test.amazon.testFolder.BaseclassTest.reportSetup(BaseclassTest.java:21)
at test.amazon.testFolder.BaseclassTest.reportSetup(BaseclassTest.java:21)
at test.amazon.testFolder.BaseclassTest.reportSetup(BaseclassTest.java:21)
at test.amazon.testFolder.BaseclassTest.reportSetup(BaseclassTest.java:21)
at test.amazon.testFolder.BaseclassTest.reportSetup(BaseclassTest.java:21)
at test.amazon.testFolder.BaseclassTest.reportSetup(BaseclassTest.java:21)
at test.amazon.testFolder.BaseclassTest.reportSetup(BaseclassTest.java:21)
at test.amazon.testFolder.BaseclassTest.reportSetup(BaseclassTest.java:21)
at test.amazon.testFolder.BaseclassTest.reportSetup(BaseclassTest.java:21)
at test.amazon.testFolder.BaseclassTest.reportSetup(BaseclassTest.java:21)
at test.amazon.testFolder.BaseclassTest.reportSetup(BaseclassTest.java:21)
at test.amazon.testFolder.BaseclassTest.reportSetup(BaseclassTest.java:21)
at test.amazon.testFolder.BaseclassTest.reportSetup(BaseclassTest.java:21)
at test.amazon.testFolder.BaseclassTest.reportSetup(BaseclassTest.java:21)
at test.amazon.testFolder.BaseclassTest.reportSetup(BaseclassTest.java:21)
at test.amazon.testFolder.BaseclassTest.reportSetup(BaseclassTest.java:21)
at test.amazon.testFolder.BaseclassTest.reportSetup(BaseclassTest.java:21)
at test.amazon.testFolder.BaseclassTest.reportSetup(BaseclassTest.java:21)
at test.amazon.testFolder.BaseclassTest.reportSetup(BaseclassTest.java:21)
at test.amazon.testFolder.BaseclassTest.reportSetup(BaseclassTest.java:21)
at test.amazon.testFolder.BaseclassTest.reportSetup(BaseclassTest.java:21)
at test.amazon.testFolder.BaseclassTest.reportSetup(BaseclassTest.java:21)
at test.amazon.testFolder.BaseclassTest.reportSetup(BaseclassTest.java:21)
at test.amazon.testFolder.BaseclassTest.reportSetup(BaseclassTest.java:21)
at test.amazon.testFolder.BaseclassTest.reportSetup(BaseclassTest.java:21)
at test.amazon.testFolder.BaseclassTest.reportSetup(BaseclassTest.java:21)
at test.amazon.testFolder.BaseclassTest.reportSetup(BaseclassTest.java:21)
at test.amazon.testFolder.BaseclassTest.reportSetup(BaseclassTest.java:21)
at test.amazon.testFolder.BaseclassTest.reportSetup(BaseclassTest.java:21)
at test.amazon.testFolder.BaseclassTest.reportSetup(BaseclassTest.java:21)
at test.amazon.testFolder.BaseclassTest.reportSetup(BaseclassTest.java:21)
at test.amazon.testFolder.BaseclassTest.reportSetup(BaseclassTest.java:21)
at test.amazon.testFolder.BaseclassTest.reportSetup(BaseclassTest.java:21)
at test.amazon.testFolder.BaseclassTest.reportSetup(BaseclassTest.java:21)
at test.amazon.testFolder.BaseclassTest.reportSetup(BaseclassTest.java:21)
at test.amazon.testFolder.BaseclassTest.reportSetup(BaseclassTest.java:21)
at test.amazon.testFolder.BaseclassTest.reportSetup(BaseclassTest.java:21)
at test.amazon.testFolder.BaseclassTest.reportSetup(BaseclassTest.java:21)
at test.amazon.testFolder.BaseclassTest.reportSetup(BaseclassTest.java:21)
at test.amazon.testFolder.BaseclassTest.reportSetup(BaseclassTest.java:21)
at test.amazon.testFolder.BaseclassTest.reportSetup(BaseclassTest.java:21)
at test.amazon.testFolder.BaseclassTest.reportSetup(BaseclassTest.java:21)
at test.amazon.testFolder.BaseclassTest.reportSetup(BaseclassTest.java:21)
at test.amazon.testFolder.BaseclassTest.reportSetup(BaseclassTest.java:21)
at test.amazon.testFolder.BaseclassTest.reportSetup(BaseclassTest.java:21)
at test.amazon.testFolder.BaseclassTest.reportSetup(BaseclassTest.java:21)
at test.amazon.testFolder.BaseclassTest.reportSetup(BaseclassTest.java:21)
at test.amazon.testFolder.BaseclassTest.reportSetup(BaseclassTest.java:21)
at test.amazon.testFolder.BaseclassTest.reportSetup(BaseclassTest.java:21)
at test.amazon.testFolder.BaseclassTest.reportSetup(BaseclassTest.java:21)
at test.amazon.testFolder.BaseclassTest.reportSetup(BaseclassTest.java:21)
at test.amazon.testFolder.BaseclassTest.reportSetup(BaseclassTest.java:21)
at test.amazon.testFolder.BaseclassTest.reportSetup(BaseclassTest.java:21)
at test.amazon.testFolder.BaseclassTest.reportSetup(BaseclassTest.java:21)
at test.amazon.testFolder.BaseclassTest.reportSetup(BaseclassTest.java:21)
at test.amazon.testFolder.BaseclassTest.reportSetup(BaseclassTest.java:21)
at test.amazon.testFolder.BaseclassTest.reportSetup(BaseclassTest.java:21)
at test.amazon.testFolder.BaseclassTest.reportSetup(BaseclassTest.java:21)
at test.amazon.testFolder.BaseclassTest.reportSetup(BaseclassTest.java:21)
at test.amazon.testFolder.BaseclassTest.reportSetup(BaseclassTest.java:21)
at test.amazon.testFolder.BaseclassTest.reportSetup(BaseclassTest.java:21)
at test.amazon.testFolder.BaseclassTest.reportSetup(BaseclassTest.java:21)
at test.amazon.testFolder.BaseclassTest.reportSetup(BaseclassTest.java:21)
at test.amazon.testFolder.BaseclassTest.reportSetup(BaseclassTest.java:21)
at test.amazon.testFolder.BaseclassTest.reportSetup(BaseclassTest.java:21)
at test.amazon.testFolder.BaseclassTest.reportSetup(BaseclassTest.java:21)
at test.amazon.testFolder.BaseclassTest.reportSetup(BaseclassTest.java:21)
at test.amazon.testFolder.BaseclassTest.reportSetup(BaseclassTest.java:21)
at test.amazon.testFolder.BaseclassTest.reportSetup(BaseclassTest.java:21)
at test.amazon.testFolder.BaseclassTest.reportSetup(BaseclassTest.java:21)
at test.amazon.testFolder.BaseclassTest.reportSetup(BaseclassTest.java:21)
at test.amazon.testFolder.BaseclassTest.reportSetup(BaseclassTest.java:21)
at test.amazon.testFolder.BaseclassTest.reportSetup(BaseclassTest.java:21)
at test.amazon.testFolder.BaseclassTest.reportSetup(BaseclassTest.java:21)
at test.amazon.testFolder.BaseclassTest.reportSetup(BaseclassTest.java:21)
at test.amazon.testFolder.BaseclassTest.reportSetup(BaseclassTest.java:21)
at test.amazon.testFolder.BaseclassTest.reportSetup(BaseclassTest.java:21)
at test.amazon.testFolder.BaseclassTest.reportSetup(BaseclassTest.java:21)
at test.amazon.testFolder.BaseclassTest.reportSetup(BaseclassTest.java:21)
at test.amazon.testFolder.BaseclassTest.reportSetup(BaseclassTest.java:21)
at test.amazon.testFolder.BaseclassTest.reportSetup(BaseclassTest.java:21)
at test.amazon.testFolder.BaseclassTest.reportSetup(BaseclassTest.java:21)
at test.amazon.testFolder.BaseclassTest.reportSetup(BaseclassTest.java:21)
at test.amazon.testFolder.BaseclassTest.reportSetup(BaseclassTest.java:21)
at test.amazon.testFolder.BaseclassTest.reportSetup(BaseclassTest.java:21)
at test.amazon.testFolder.BaseclassTest.reportSetup(BaseclassTest.java:21)
at test.amazon.testFolder.BaseclassTest.reportSetup(BaseclassTest.java:21)
at test.amazon.testFolder.BaseclassTest.reportSetup(BaseclassTest.java:21)
at test.amazon.testFolder.BaseclassTest.reportSetup(BaseclassTest.java:21)
at test.amazon.testFolder.BaseclassTest.reportSetup(BaseclassTest.java:21)
at test.amazon.testFolder.BaseclassTest.reportSetup(BaseclassTest.java:21)
at test.amazon.testFolder.BaseclassTest.reportSetup(BaseclassTest.java:21)
at test.amazon.testFolder.BaseclassTest.reportSetup(BaseclassTest.java:21)
at test.amazon.testFolder.BaseclassTest.reportSetup(BaseclassTest.java:21)
at test.amazon.testFolder.BaseclassTest.reportSetup(BaseclassTest.java:21)
at test.amazon.testFolder.BaseclassTest.reportSetup(BaseclassTest.java:21)
at test.amazon.testFolder.BaseclassTest.reportSetup(BaseclassTest.java:21)
at test.amazon.testFolder.BaseclassTest.reportSetup(BaseclassTest.java:21)
at test.amazon.testFolder.BaseclassTest.reportSetup(BaseclassTest.java:21)
at test.amazon.testFolder.BaseclassTest.reportSetup(BaseclassTest.java:21)
at test.amazon.testFolder.BaseclassTest.reportSetup(BaseclassTest.java:21)
at test.amazon.testFolder.BaseclassTest.reportSetup(BaseclassTest.java:21)
at test.amazon.testFolder.BaseclassTest.reportSetup(BaseclassTest.java:21)
at test.amazon.testFolder.BaseclassTest.reportSetup(BaseclassTest.java:21)
at test.amazon.testFolder.BaseclassTest.reportSetup(BaseclassTest.java:21)
at test.amazon.testFolder.BaseclassTest.reportSetup(BaseclassTest.java:21)
at test.amazon.testFolder.BaseclassTest.reportSetup(BaseclassTest.java:21)
at test.amazon.testFolder.BaseclassTest.reportSetup(BaseclassTest.java:21)
at test.amazon.testFolder.BaseclassTest.reportSetup(BaseclassTest.java:21)
at test.amazon.testFolder.BaseclassTest.reportSetup(BaseclassTest.java:21)
at test.amazon.testFolder.BaseclassTest.reportSetup(BaseclassTest.java:21)
at test.amazon.testFolder.BaseclassTest.reportSetup(BaseclassTest.java:21)
at test.amazon.testFolder.BaseclassTest.reportSetup(BaseclassTest.java:21)
at test.amazon.testFolder.BaseclassTest.reportSetup(BaseclassTest.java:21)
at test.amazon.testFolder.BaseclassTest.reportSetup(BaseclassTest.java:21)
at test.amazon.testFolder.BaseclassTest.reportSetup(BaseclassTest.java:21)
at test.amazon.testFolder.BaseclassTest.reportSetup(BaseclassTest.java:21)
at test.amazon.testFolder.BaseclassTest.reportSetup(BaseclassTest.java:21)
at test.amazon.testFolder.BaseclassTest.reportSetup(BaseclassTest.java:21)
at test.amazon.testFolder.BaseclassTest.reportSetup(BaseclassTest.java:21)
at test.amazon.testFolder.BaseclassTest.reportSetup(BaseclassTest.java:21)
at test.amazon.testFolder.BaseclassTest.reportSetup(BaseclassTest.java:21)
at test.amazon.testFolder.BaseclassTest.reportSetup(BaseclassTest.java:21)
at test.amazon.testFolder.BaseclassTest.reportSetup(BaseclassTest.java:21)
at test.amazon.testFolder.BaseclassTest.reportSetup(BaseclassTest.java:21)
at test.amazon.testFolder.BaseclassTest.reportSetup(BaseclassTest.java:21)
at test.amazon.testFolder.BaseclassTest.reportSetup(BaseclassTest.java:21)
at test.amazon.testFolder.BaseclassTest.reportSetup(BaseclassTest.java:21)
at test.amazon.testFolder.BaseclassTest.reportSetup(BaseclassTest.java:21)
at test.amazon.testFolder.BaseclassTest.reportSetup(BaseclassTest.java:21)
at test.amazon.testFolder.BaseclassTest.reportSetup(BaseclassTest.java:21)
at test.amazon.testFolder.BaseclassTest.reportSetup(BaseclassTest.java:21)
at test.amazon.testFolder.BaseclassTest.reportSetup(BaseclassTest.java:21)
at test.amazon.testFolder.BaseclassTest.reportSetup(BaseclassTest.java:21)
at test.amazon.testFolder.BaseclassTest.reportSetup(BaseclassTest.java:21)
at test.amazon.testFolder.BaseclassTest.reportSetup(BaseclassTest.java:21)
at test.amazon.testFolder.BaseclassTest.reportSetup(BaseclassTest.java:21)
at test.amazon.testFolder.BaseclassTest.reportSetup(BaseclassTest.java:21)
at test.amazon.testFolder.BaseclassTest.reportSetup(BaseclassTest.java:21)
at test.amazon.testFolder.BaseclassTest.reportSetup(BaseclassTest.java:21)
at test.amazon.testFolder.BaseclassTest.reportSetup(BaseclassTest.java:21)
at test.amazon.testFolder.BaseclassTest.reportSetup(BaseclassTest.java:21)
at test.amazon.testFolder.BaseclassTest.reportSetup(BaseclassTest.java:21)
at test.amazon.testFolder.BaseclassTest.reportSetup(BaseclassTest.java:21)
at test.amazon.testFolder.BaseclassTest.reportSetup(BaseclassTest.java:21)
at test.amazon.testFolder.BaseclassTest.reportSetup(BaseclassTest.java:21)
at test.amazon.testFolder.BaseclassTest.reportSetup(BaseclassTest.java:21)
at test.amazon.testFolder.BaseclassTest.reportSetup(BaseclassTest.java:21)
at test.amazon.testFolder.BaseclassTest.reportSetup(BaseclassTest.java:21)
at test.amazon.testFolder.BaseclassTest.reportSetup(BaseclassTest.java:21)
at test.amazon.testFolder.BaseclassTest.reportSetup(BaseclassTest.java:21)
at test.amazon.testFolder.BaseclassTest.reportSetup(BaseclassTest.java:21)
at test.amazon.testFolder.BaseclassTest.reportSetup(BaseclassTest.java:21)
at test.amazon.testFolder.BaseclassTest.reportSetup(BaseclassTest.java:21)
at test.amazon.testFolder.BaseclassTest.reportSetup(BaseclassTest.java:21)
at test.amazon.testFolder.BaseclassTest.reportSetup(BaseclassTest.java:21)
at test.amazon.testFolder.BaseclassTest.reportSetup(BaseclassTest.java:21)
at test.amazon.testFolder.BaseclassTest.reportSetup(BaseclassTest.java:21)
at test.amazon.testFolder.BaseclassTest.reportSetup(BaseclassTest.java:21)
at test.amazon.testFolder.BaseclassTest.reportSetup(BaseclassTest.java:21)
at test.amazon.testFolder.BaseclassTest.reportSetup(BaseclassTest.java:21)
at test.amazon.testFolder.BaseclassTest.reportSetup(BaseclassTest.java:21)
at test.amazon.testFolder.BaseclassTest.reportSetup(BaseclassTest.java:21)
at test.amazon.testFolder.BaseclassTest.reportSetup(BaseclassTest.java:21)
at test.amazon.testFolder.BaseclassTest.reportSetup(BaseclassTest.java:21)
at test.amazon.testFolder.BaseclassTest.reportSetup(BaseclassTest.java:21)
at test.amazon.testFolder.BaseclassTest.reportSetup(BaseclassTest.java:21)
at test.amazon.testFolder.BaseclassTest.reportSetup(BaseclassTest.java:21)
at test.amazon.testFolder.BaseclassTest.reportSetup(BaseclassTest.java:21)
at test.amazon.testFolder.BaseclassTest.reportSetup(BaseclassTest.java:21)
at test.amazon.testFolder.BaseclassTest.reportSetup(BaseclassTest.java:21)
at test.amazon.testFolder.BaseclassTest.reportSetup(BaseclassTest.java:21)
at test.amazon.testFolder.BaseclassTest.reportSetup(BaseclassTest.java:21)
at test.amazon.testFolder.BaseclassTest.reportSetup(BaseclassTest.java:21)
at test.amazon.testFolder.BaseclassTest.reportSetup(BaseclassTest.java:21)
at test.amazon.testFolder.BaseclassTest.reportSetup(BaseclassTest.java:21)
at test.amazon.testFolder.BaseclassTest.reportSetup(BaseclassTest.java:21)
at test.amazon.testFolder.BaseclassTest.reportSetup(BaseclassTest.java:21)
at test.amazon.testFolder.BaseclassTest.reportSetup(BaseclassTest.java:21)
at test.amazon.testFolder.BaseclassTest.reportSetup(BaseclassTest.java:21)
at test.amazon.testFolder.BaseclassTest.reportSetup(BaseclassTest.java:21)
at test.amazon.testFolder.BaseclassTest.reportSetup(BaseclassTest.java:21)
at test.amazon.testFolder.BaseclassTest.reportSetup(BaseclassTest.java:21)
at test.amazon.testFolder.BaseclassTest.reportSetup(BaseclassTest.java:21)
at test.amazon.testFolder.BaseclassTest.reportSetup(BaseclassTest.java:21)
at test.amazon.testFolder.BaseclassTest.reportSetup(BaseclassTest.java:21)
at test.amazon.testFolder.BaseclassTest.reportSetup(BaseclassTest.java:21)
at test.amazon.testFolder.BaseclassTest.reportSetup(BaseclassTest.java:21)
at test.amazon.testFolder.BaseclassTest.reportSetup(BaseclassTest.java:21)
at test.amazon.testFolder.BaseclassTest.reportSetup(BaseclassTest.java:21)
at test.amazon.testFolder.BaseclassTest.reportSetup(BaseclassTest.java:21)
at test.amazon.testFolder.BaseclassTest.reportSetup(BaseclassTest.java:21)
at test.amazon.testFolder.BaseclassTest.reportSetup(BaseclassTest.java:21)
at test.amazon.testFolder.BaseclassTest.reportSetup(BaseclassTest.java:21)
at test.amazon.testFolder.BaseclassTest.reportSetup(BaseclassTest.java:21)
at test.amazon.testFolder.BaseclassTest.reportSetup(BaseclassTest.java:21)
at test.amazon.testFolder.BaseclassTest.reportSetup(BaseclassTest.java:21)
at test.amazon.testFolder.BaseclassTest.reportSetup(BaseclassTest.java:21)
at test.amazon.testFolder.BaseclassTest.reportSetup(BaseclassTest.java:21)
at test.amazon.testFolder.BaseclassTest.reportSetup(BaseclassTest.java:21)
at test.amazon.testFolder.BaseclassTest.reportSetup(BaseclassTest.java:21)
at test.amazon.testFolder.BaseclassTest.reportSetup(BaseclassTest.java:21)
at test.amazon.testFolder.BaseclassTest.reportSetup(BaseclassTest.java:21)
at test.amazon.testFolder.BaseclassTest.reportSetup(BaseclassTest.java:21)
at test.amazon.testFolder.BaseclassTest.reportSetup(BaseclassTest.java:21)
at test.amazon.testFolder.BaseclassTest.reportSetup(BaseclassTest.java:21)
at test.amazon.testFolder.BaseclassTest.reportSetup(BaseclassTest.java:21)
at test.amazon.testFolder.BaseclassTest.reportSetup(BaseclassTest.java:21)
at test.amazon.testFolder.BaseclassTest.reportSetup(BaseclassTest.java:21)
at test.amazon.testFolder.BaseclassTest.reportSetup(BaseclassTest.java:21)
at test.amazon.testFolder.BaseclassTest.reportSetup(BaseclassTest.java:21)
at test.amazon.testFolder.BaseclassTest.reportSetup(BaseclassTest.java:21)
at test.amazon.testFolder.BaseclassTest.reportSetup(BaseclassTest.java:21)
at test.amazon.testFolder.BaseclassTest.reportSetup(BaseclassTest.java:21)
at test.amazon.testFolder.BaseclassTest.reportSetup(BaseclassTest.java:21)
at test.amazon.testFolder.BaseclassTest.reportSetup(BaseclassTest.java:21)
at test.amazon.testFolder.BaseclassTest.reportSetup(BaseclassTest.java:21)
at test.amazon.testFolder.BaseclassTest.reportSetup(BaseclassTest.java:21)
at test.amazon.testFolder.BaseclassTest.reportSetup(BaseclassTest.java:21)
at test.amazon.testFolder.BaseclassTest.reportSetup(BaseclassTest.java:21)
at test.amazon.testFolder.BaseclassTest.reportSetup(BaseclassTest.java:21)
at test.amazon.testFolder.BaseclassTest.reportSetup(BaseclassTest.java:21)
at test.amazon.testFolder.BaseclassTest.reportSetup(BaseclassTest.java:21)
at test.amazon.testFolder.BaseclassTest.reportSetup(BaseclassTest.java:21)
at test.amazon.testFolder.BaseclassTest.reportSetup(BaseclassTest.java:21)
at test.amazon.testFolder.BaseclassTest.reportSetup(BaseclassTest.java:21)
at test.amazon.testFolder.BaseclassTest.reportSetup(BaseclassTest.java:21)
at test.amazon.testFolder.BaseclassTest.reportSetup(BaseclassTest.java:21)
at test.amazon.testFolder.BaseclassTest.reportSetup(BaseclassTest.java:21)
at test.amazon.testFolder.BaseclassTest.reportSetup(BaseclassTest.java:21)
at test.amazon.testFolder.BaseclassTest.reportSetup(BaseclassTest.java:21)
at test.amazon.testFolder.BaseclassTest.reportSetup(BaseclassTest.java:21)
at test.amazon.testFolder.BaseclassTest.reportSetup(BaseclassTest.java:21)
at test.amazon.testFolder.BaseclassTest.reportSetup(BaseclassTest.java:21)
at test.amazon.testFolder.BaseclassTest.reportSetup(BaseclassTest.java:21)
at test.amazon.testFolder.BaseclassTest.reportSetup(BaseclassTest.java:21)
at test.amazon.testFolder.BaseclassTest.reportSetup(BaseclassTest.java:21)
at test.amazon.testFolder.BaseclassTest.reportSetup(BaseclassTest.java:21)
at test.amazon.testFolder.BaseclassTest.reportSetup(BaseclassTest.java:21)
at test.amazon.testFolder.BaseclassTest.reportSetup(BaseclassTest.java:21)
at test.amazon.testFolder.BaseclassTest.reportSetup(BaseclassTest.java:21)
at test.amazon.testFolder.BaseclassTest.reportSetup(BaseclassTest.java:21)
at test.amazon.testFolder.BaseclassTest.reportSetup(BaseclassTest.java:21)
at test.amazon.testFolder.BaseclassTest.reportSetup(BaseclassTest.java:21)
at test.amazon.testFolder.BaseclassTest.reportSetup(BaseclassTest.java:21)
at test.amazon.testFolder.BaseclassTest.reportSetup(BaseclassTest.java:21)
at test.amazon.testFolder.BaseclassTest.reportSetup(BaseclassTest.java:21)
at test.amazon.testFolder.BaseclassTest.reportSetup(BaseclassTest.java:21)
at test.amazon.testFolder.BaseclassTest.reportSetup(BaseclassTest.java:21)
at test.amazon.testFolder.BaseclassTest.reportSetup(BaseclassTest.java:21)
at test.amazon.testFolder.BaseclassTest.reportSetup(BaseclassTest.java:21)
at test.amazon.testFolder.BaseclassTest.reportSetup(BaseclassTest.java:21)
at test.amazon.testFolder.BaseclassTest.reportSetup(BaseclassTest.java:21)
at test.amazon.testFolder.BaseclassTest.reportSetup(BaseclassTest.java:21)
at test.amazon.testFolder.BaseclassTest.reportSetup(BaseclassTest.java:21)
at test.amazon.testFolder.BaseclassTest.reportSetup(BaseclassTest.java:21)
at test.amazon.testFolder.BaseclassTest.reportSetup(BaseclassTest.java:21)
at test.amazon.testFolder.BaseclassTest.reportSetup(BaseclassTest.java:21)
at test.amazon.testFolder.BaseclassTest.reportSetup(BaseclassTest.java:21)
at test.amazon.testFolder.BaseclassTest.reportSetup(BaseclassTest.java:21)
at test.amazon.testFolder.BaseclassTest.reportSetup(BaseclassTest.java:21)
at test.amazon.testFolder.BaseclassTest.reportSetup(BaseclassTest.java:21)
at test.amazon.testFolder.BaseclassTest.reportSetup(BaseclassTest.java:21)
at test.amazon.testFolder.BaseclassTest.reportSetup(BaseclassTest.java:21)
at test.amazon.testFolder.BaseclassTest.reportSetup(BaseclassTest.java:21)
at test.amazon.testFolder.BaseclassTest.reportSetup(BaseclassTest.java:21)
at test.amazon.testFolder.BaseclassTest.reportSetup(BaseclassTest.java:21)
at test.amazon.testFolder.BaseclassTest.reportSetup(BaseclassTest.java:21)
at test.amazon.testFolder.BaseclassTest.reportSetup(BaseclassTest.java:21)
at test.amazon.testFolder.BaseclassTest.reportSetup(BaseclassTest.java:21)
at test.amazon.testFolder.BaseclassTest.reportSetup(BaseclassTest.java:21)
at test.amazon.testFolder.BaseclassTest.reportSetup(BaseclassTest.java:21)
at test.amazon.testFolder.BaseclassTest.reportSetup(BaseclassTest.java:21)
at test.amazon.testFolder.BaseclassTest.reportSetup(BaseclassTest.java:21)
at test.amazon.testFolder.BaseclassTest.reportSetup(BaseclassTest.java:21)
at test.amazon.testFolder.BaseclassTest.reportSetup(BaseclassTest.java:21)
at test.amazon.testFolder.BaseclassTest.reportSetup(BaseclassTest.java:21)
at test.amazon.testFolder.BaseclassTest.reportSetup(BaseclassTest.java:21)
at test.amazon.testFolder.BaseclassTest.reportSetup(BaseclassTest.java:21)
at test.amazon.testFolder.BaseclassTest.reportSetup(BaseclassTest.java:21)
at test.amazon.testFolder.BaseclassTest.reportSetup(BaseclassTest.java:21)
at test.amazon.testFolder.BaseclassTest.reportSetup(BaseclassTest.java:21)
at test.amazon.testFolder.BaseclassTest.reportSetup(BaseclassTest.java:21)
at test.amazon.testFolder.BaseclassTest.reportSetup(BaseclassTest.java:21)
at test.amazon.testFolder.BaseclassTest.reportSetup(BaseclassTest.java:21)
at test.amazon.testFolder.BaseclassTest.reportSetup(BaseclassTest.java:21)
at test.amazon.testFolder.BaseclassTest.reportSetup(BaseclassTest.java:21)
at test.amazon.testFolder.BaseclassTest.reportSetup(BaseclassTest.java:21)
at test.amazon.testFolder.BaseclassTest.reportSetup(BaseclassTest.java:21)
at test.amazon.testFolder.BaseclassTest.reportSetup(BaseclassTest.java:21)
at test.amazon.testFolder.BaseclassTest.reportSetup(BaseclassTest.java:21)
at test.amazon.testFolder.BaseclassTest.reportSetup(BaseclassTest.java:21)
at test.amazon.testFolder.BaseclassTest.reportSetup(BaseclassTest.java:21)
at test.amazon.testFolder.BaseclassTest.reportSetup(BaseclassTest.java:21)
at test.amazon.testFolder.BaseclassTest.reportSetup(BaseclassTest.java:21)
at test.amazon.testFolder.BaseclassTest.reportSetup(BaseclassTest.java:21)
at test.amazon.testFolder.BaseclassTest.reportSetup(BaseclassTest.java:21)
at test.amazon.testFolder.BaseclassTest.reportSetup(BaseclassTest.java:21)
at test.amazon.testFolder.BaseclassTest.reportSetup(BaseclassTest.java:21)
at test.amazon.testFolder.BaseclassTest.reportSetup(BaseclassTest.java:21)
at test.amazon.testFolder.BaseclassTest.reportSetup(BaseclassTest.java:21)
at test.amazon.testFolder.BaseclassTest.reportSetup(BaseclassTest.java:21)
at test.amazon.testFolder.BaseclassTest.reportSetup(BaseclassTest.java:21)
at test.amazon.testFolder.BaseclassTest.reportSetup(BaseclassTest.java:21)
at test.amazon.testFolder.BaseclassTest.reportSetup(BaseclassTest.java:21)
at test.amazon.testFolder.BaseclassTest.reportSetup(BaseclassTest.java:21)
at test.amazon.testFolder.BaseclassTest.reportSetup(BaseclassTest.java:21)
at test.amazon.testFolder.BaseclassTest.reportSetup(BaseclassTest.java:21)
at test.amazon.testFolder.BaseclassTest.reportSetup(BaseclassTest.java:21)
at test.amazon.testFolder.BaseclassTest.reportSetup(BaseclassTest.java:21)
at test.amazon.testFolder.BaseclassTest.reportSetup(BaseclassTest.java:21)
at test.amazon.testFolder.BaseclassTest.reportSetup(BaseclassTest.java:21)
at test.amazon.testFolder.BaseclassTest.reportSetup(BaseclassTest.java:21)
at test.amazon.testFolder.BaseclassTest.reportSetup(BaseclassTest.java:21)
at test.amazon.testFolder.BaseclassTest.reportSetup(BaseclassTest.java:21)
at test.amazon.testFolder.BaseclassTest.reportSetup(BaseclassTest.java:21)
at test.amazon.testFolder.BaseclassTest.reportSetup(BaseclassTest.java:21)
at test.amazon.testFolder.BaseclassTest.reportSetup(BaseclassTest.java:21)
at test.amazon.testFolder.BaseclassTest.reportSetup(BaseclassTest.java:21)
at test.amazon.testFolder.BaseclassTest.reportSetup(BaseclassTest.java:21)
at test.amazon.testFolder.BaseclassTest.reportSetup(BaseclassTest.java:21)
at test.amazon.testFolder.BaseclassTest.reportSetup(BaseclassTest.java:21)
at test.amazon.testFolder.BaseclassTest.reportSetup(BaseclassTest.java:21)
at test.amazon.testFolder.BaseclassTest.reportSetup(BaseclassTest.java:21)
at test.amazon.testFolder.BaseclassTest.reportSetup(BaseclassTest.java:21)
at test.amazon.testFolder.BaseclassTest.reportSetup(BaseclassTest.java:21)
at test.amazon.testFolder.BaseclassTest.reportSetup(BaseclassTest.java:21)
at test.amazon.testFolder.BaseclassTest.reportSetup(BaseclassTest.java:21)
at test.amazon.testFolder.BaseclassTest.reportSetup(BaseclassTest.java:21)
at test.amazon.testFolder.BaseclassTest.reportSetup(BaseclassTest.java:21)
at test.amazon.testFolder.BaseclassTest.reportSetup(BaseclassTest.java:21)
at test.amazon.testFolder.BaseclassTest.reportSetup(BaseclassTest.java:21)
at test.amazon.testFolder.BaseclassTest.reportSetup(BaseclassTest.java:21)
at test.amazon.testFolder.BaseclassTest.reportSetup(BaseclassTest.java:21)
at test.amazon.testFolder.BaseclassTest.reportSetup(BaseclassTest.java:21)
at test.amazon.testFolder.BaseclassTest.reportSetup(BaseclassTest.java:21)
at test.amazon.testFolder.BaseclassTest.reportSetup(BaseclassTest.java:21)
at test.amazon.testFolder.BaseclassTest.reportSetup(BaseclassTest.java:21)
at test.amazon.testFolder.BaseclassTest.reportSetup(BaseclassTest.java:21)
at test.amazon.testFolder.BaseclassTest.reportSetup(BaseclassTest.java:21)
at test.amazon.testFolder.BaseclassTest.reportSetup(BaseclassTest.java:21)
at test.amazon.testFolder.BaseclassTest.reportSetup(BaseclassTest.java:21)
at test.amazon.testFolder.BaseclassTest.reportSetup(BaseclassTest.java:21)
at test.amazon.testFolder.BaseclassTest.reportSetup(BaseclassTest.java:21)
at test.amazon.testFolder.BaseclassTest.reportSetup(BaseclassTest.java:21)
at test.amazon.testFolder.BaseclassTest.reportSetup(BaseclassTest.java:21)
at test.amazon.testFolder.BaseclassTest.reportSetup(BaseclassTest.java:21)
at test.amazon.testFolder.BaseclassTest.reportSetup(BaseclassTest.java:21)
at test.amazon.testFolder.BaseclassTest.reportSetup(BaseclassTest.java:21)
at test.amazon.testFolder.BaseclassTest.reportSetup(BaseclassTest.java:21)
at test.amazon.testFolder.BaseclassTest.reportSetup(BaseclassTest.java:21)
at test.amazon.testFolder.BaseclassTest.reportSetup(BaseclassTest.java:21)
at test.amazon.testFolder.BaseclassTest.reportSetup(BaseclassTest.java:21)
at test.amazon.testFolder.BaseclassTest.reportSetup(BaseclassTest.java:21)
at test.amazon.testFolder.BaseclassTest.reportSetup(BaseclassTest.java:21)
at test.amazon.testFolder.BaseclassTest.reportSetup(BaseclassTest.java:21)
at test.amazon.testFolder.BaseclassTest.reportSetup(BaseclassTest.java:21)
at test.amazon.testFolder.BaseclassTest.reportSetup(BaseclassTest.java:21)
at test.amazon.testFolder.BaseclassTest.reportSetup(BaseclassTest.java:21)
at test.amazon.testFolder.BaseclassTest.reportSetup(BaseclassTest.java:21)
at test.amazon.testFolder.BaseclassTest.reportSetup(BaseclassTest.java:21)
at test.amazon.testFolder.BaseclassTest.reportSetup(BaseclassTest.java:21)
at test.amazon.testFolder.BaseclassTest.reportSetup(BaseclassTest.java:21)
at test.amazon.testFolder.BaseclassTest.reportSetup(BaseclassTest.java:21)
at test.amazon.testFolder.BaseclassTest.reportSetup(BaseclassTest.java:21)
at test.amazon.testFolder.BaseclassTest.reportSetup(BaseclassTest.java:21)
at test.amazon.testFolder.BaseclassTest.reportSetup(BaseclassTest.java:21)
at test.amazon.testFolder.BaseclassTest.reportSetup(BaseclassTest.java:21)
at test.amazon.testFolder.BaseclassTest.reportSetup(BaseclassTest.java:21)
at test.amazon.testFolder.BaseclassTest.reportSetup(BaseclassTest.java:21)
at test.amazon.testFolder.BaseclassTest.reportSetup(BaseclassTest.java:21)
at test.amazon.testFolder.BaseclassTest.reportSetup(BaseclassTest.java:21)
at test.amazon.testFolder.BaseclassTest.reportSetup(BaseclassTest.java:21)
at test.amazon.testFolder.BaseclassTest.reportSetup(BaseclassTest.java:21)
at test.amazon.testFolder.BaseclassTest.reportSetup(BaseclassTest.java:21)
at test.amazon.testFolder.BaseclassTest.reportSetup(BaseclassTest.java:21)
at test.amazon.testFolder.BaseclassTest.reportSetup(BaseclassTest.java:21)
at test.amazon.testFolder.BaseclassTest.reportSetup(BaseclassTest.java:21)
at test.amazon.testFolder.BaseclassTest.reportSetup(BaseclassTest.java:21)
at test.amazon.testFolder.BaseclassTest.reportSetup(BaseclassTest.java:21)
at test.amazon.testFolder.BaseclassTest.reportSetup(BaseclassTest.java:21)
at test.amazon.testFolder.BaseclassTest.reportSetup(BaseclassTest.java:21)
at test.amazon.testFolder.BaseclassTest.reportSetup(BaseclassTest.java:21)
at test.amazon.testFolder.BaseclassTest.reportSetup(BaseclassTest.java:21)
at test.amazon.testFolder.BaseclassTest.reportSetup(BaseclassTest.java:21)
at test.amazon.testFolder.BaseclassTest.reportSetup(BaseclassTest.java:21)
at test.amazon.testFolder.BaseclassTest.reportSetup(BaseclassTest.java:21)
at test.amazon.testFolder.BaseclassTest.reportSetup(BaseclassTest.java:21)
at test.amazon.testFolder.BaseclassTest.reportSetup(BaseclassTest.java:21)
at test.amazon.testFolder.BaseclassTest.reportSetup(BaseclassTest.java:21)
at test.amazon.testFolder.BaseclassTest.reportSetup(BaseclassTest.java:21)
at test.amazon.testFolder.BaseclassTest.reportSetup(BaseclassTest.java:21)
at test.amazon.testFolder.BaseclassTest.reportSetup(BaseclassTest.java:21)
at test.amazon.testFolder.BaseclassTest.reportSetup(BaseclassTest.java:21)
at test.amazon.testFolder.BaseclassTest.reportSetup(BaseclassTest.java:21)
at test.amazon.testFolder.BaseclassTest.reportSetup(BaseclassTest.java:21)
at test.amazon.testFolder.BaseclassTest.reportSetup(BaseclassTest.java:21)
at test.amazon.testFolder.BaseclassTest.reportSetup(BaseclassTest.java:21)
at test.amazon.testFolder.BaseclassTest.reportSetup(BaseclassTest.java:21)
at test.amazon.testFolder.BaseclassTest.reportSetup(BaseclassTest.java:21)
at test.amazon.testFolder.BaseclassTest.reportSetup(BaseclassTest.java:21)
at test.amazon.testFolder.BaseclassTest.reportSetup(BaseclassTest.java:21)
at test.amazon.testFolder.BaseclassTest.reportSetup(BaseclassTest.java:21)
at test.amazon.testFolder.BaseclassTest.reportSetup(BaseclassTest.java:21)
at test.amazon.testFolder.BaseclassTest.reportSetup(BaseclassTest.java:21)
at test.amazon.testFolder.BaseclassTest.reportSetup(BaseclassTest.java:21)
at test.amazon.testFolder.BaseclassTest.reportSetup(BaseclassTest.java:21)
at test.amazon.testFolder.BaseclassTest.reportSetup(BaseclassTest.java:21)
at test.amazon.testFolder.BaseclassTest.reportSetup(BaseclassTest.java:21)
at test.amazon.testFolder.BaseclassTest.reportSetup(BaseclassTest.java:21)
at test.amazon.testFolder.BaseclassTest.reportSetup(BaseclassTest.java:21)
at test.amazon.testFolder.BaseclassTest.reportSetup(BaseclassTest.java:21)
at test.amazon.testFolder.BaseclassTest.reportSetup(BaseclassTest.java:21)
at test.amazon.testFolder.BaseclassTest.reportSetup(BaseclassTest.java:21)
at test.amazon.testFolder.BaseclassTest.reportSetup(BaseclassTest.java:21)
at test.amazon.testFolder.BaseclassTest.reportSetup(BaseclassTest.java:21)
at test.amazon.testFolder.BaseclassTest.reportSetup(BaseclassTest.java:21)
at test.amazon.testFolder.BaseclassTest.reportSetup(BaseclassTest.java:21)
at test.amazon.testFolder.BaseclassTest.reportSetup(BaseclassTest.java:21)
at test.amazon.testFolder.BaseclassTest.reportSetup(BaseclassTest.java:21)
at test.amazon.testFolder.BaseclassTest.reportSetup(BaseclassTest.java:21)
at test.amazon.testFolder.BaseclassTest.reportSetup(BaseclassTest.java:21)
at test.amazon.testFolder.BaseclassTest.reportSetup(BaseclassTest.java:21)
at test.amazon.testFolder.BaseclassTest.reportSetup(BaseclassTest.java:21)
at test.amazon.testFolder.BaseclassTest.reportSetup(BaseclassTest.java:21)
at test.amazon.testFolder.BaseclassTest.reportSetup(BaseclassTest.java:21)
at test.amazon.testFolder.BaseclassTest.reportSetup(BaseclassTest.java:21)
at test.amazon.testFolder.BaseclassTest.reportSetup(BaseclassTest.java:21)
at test.amazon.testFolder.BaseclassTest.reportSetup(BaseclassTest.java:21)
at test.amazon.testFolder.BaseclassTest.reportSetup(BaseclassTest.java:21)
at test.amazon.testFolder.BaseclassTest.reportSetup(BaseclassTest.java:21)
at test.amazon.testFolder.BaseclassTest.reportSetup(BaseclassTest.java:21)
at test.amazon.testFolder.BaseclassTest.reportSetup(BaseclassTest.java:21)
at test.amazon.testFolder.BaseclassTest.reportSetup(BaseclassTest.java:21)
at test.amazon.testFolder.BaseclassTest.reportSetup(BaseclassTest.java:21)
at test.amazon.testFolder.BaseclassTest.reportSetup(BaseclassTest.java:21)
at test.amazon.testFolder.BaseclassTest.reportSetup(BaseclassTest.java:21)
at test.amazon.testFolder.BaseclassTest.reportSetup(BaseclassTest.java:21)
at test.amazon.testFolder.BaseclassTest.reportSetup(BaseclassTest.java:21)
at test.amazon.testFolder.BaseclassTest.reportSetup(BaseclassTest.java:21)
at test.amazon.testFolder.BaseclassTest.reportSetup(BaseclassTest.java:21)
at test.amazon.testFolder.BaseclassTest.reportSetup(BaseclassTest.java:21)
at test.amazon.testFolder.BaseclassTest.reportSetup(BaseclassTest.java:21)
at test.amazon.testFolder.BaseclassTest.reportSetup(BaseclassTest.java:21)
at test.amazon.testFolder.BaseclassTest.reportSetup(BaseclassTest.java:21)
at test.amazon.testFolder.BaseclassTest.reportSetup(BaseclassTest.java:21)
at test.amazon.testFolder.BaseclassTest.reportSetup(BaseclassTest.java:21)
at test.amazon.testFolder.BaseclassTest.reportSetup(BaseclassTest.java:21)
at test.amazon.testFolder.BaseclassTest.reportSetup(BaseclassTest.java:21)
at test.amazon.testFolder.BaseclassTest.reportSetup(BaseclassTest.java:21)
at test.amazon.testFolder.BaseclassTest.reportSetup(BaseclassTest.java:21)
at test.amazon.testFolder.BaseclassTest.reportSetup(BaseclassTest.java:21)
at test.amazon.testFolder.BaseclassTest.reportSetup(BaseclassTest.java:21)
at test.amazon.testFolder.BaseclassTest.reportSetup(BaseclassTest.java:21)
at test.amazon.testFolder.BaseclassTest.reportSetup(BaseclassTest.java:21)
at test.amazon.testFolder.BaseclassTest.reportSetup(BaseclassTest.java:21)
at test.amazon.testFolder.BaseclassTest.reportSetup(BaseclassTest.java:21)
at test.amazon.testFolder.BaseclassTest.reportSetup(BaseclassTest.java:21)
at test.amazon.testFolder.BaseclassTest.reportSetup(BaseclassTest.java:21)
at test.amazon.testFolder.BaseclassTest.reportSetup(BaseclassTest.java:21)
at test.amazon.testFolder.BaseclassTest.reportSetup(BaseclassTest.java:21)
at test.amazon.testFolder.BaseclassTest.reportSetup(BaseclassTest.java:21)
at test.amazon.testFolder.BaseclassTest.reportSetup(BaseclassTest.java:21)
at test.amazon.testFolder.BaseclassTest.reportSetup(BaseclassTest.java:21)
at test.amazon.testFolder.BaseclassTest.reportSetup(BaseclassTest.java:21)
at test.amazon.testFolder.BaseclassTest.reportSetup(BaseclassTest.java:21)
at test.amazon.testFolder.BaseclassTest.reportSetup(BaseclassTest.java:21)
at test.amazon.testFolder.BaseclassTest.reportSetup(BaseclassTest.java:21)
at test.amazon.testFolder.BaseclassTest.reportSetup(BaseclassTest.java:21)
at test.amazon.testFolder.BaseclassTest.reportSetup(BaseclassTest.java:21)
at test.amazon.testFolder.BaseclassTest.reportSetup(BaseclassTest.java:21)
at test.amazon.testFolder.BaseclassTest.reportSetup(BaseclassTest.java:21)
at test.amazon.testFolder.BaseclassTest.reportSetup(BaseclassTest.java:21)
at test.amazon.testFolder.BaseclassTest.reportSetup(BaseclassTest.java:21)
at test.amazon.testFolder.BaseclassTest.reportSetup(BaseclassTest.java:21)
at test.amazon.testFolder.BaseclassTest.reportSetup(BaseclassTest.java:21)
at test.amazon.testFolder.BaseclassTest.reportSetup(BaseclassTest.java:21)
at test.amazon.testFolder.BaseclassTest.reportSetup(BaseclassTest.java:21)
at test.amazon.testFolder.BaseclassTest.reportSetup(BaseclassTest.java:21)
at test.amazon.testFolder.BaseclassTest.reportSetup(BaseclassTest.java:21)
at test.amazon.testFolder.BaseclassTest.reportSetup(BaseclassTest.java:21)
at test.amazon.testFolder.BaseclassTest.reportSetup(BaseclassTest.java:21)
at test.amazon.testFolder.BaseclassTest.reportSetup(BaseclassTest.java:21)
at test.amazon.testFolder.BaseclassTest.reportSetup(BaseclassTest.java:21)
at test.amazon.testFolder.BaseclassTest.reportSetup(BaseclassTest.java:21)
at test.amazon.testFolder.BaseclassTest.reportSetup(BaseclassTest.java:21)
at test.amazon.testFolder.BaseclassTest.reportSetup(BaseclassTest.java:21)
at test.amazon.testFolder.BaseclassTest.reportSetup(BaseclassTest.java:21)
at test.amazon.testFolder.BaseclassTest.reportSetup(BaseclassTest.java:21)
at test.amazon.testFolder.BaseclassTest.reportSetup(BaseclassTest.java:21)
at test.amazon.testFolder.BaseclassTest.reportSetup(BaseclassTest.java:21)
at test.amazon.testFolder.BaseclassTest.reportSetup(BaseclassTest.java:21)
at test.amazon.testFolder.BaseclassTest.reportSetup(BaseclassTest.java:21)
at test.amazon.testFolder.BaseclassTest.reportSetup(BaseclassTest.java:21)
at test.amazon.testFolder.BaseclassTest.reportSetup(BaseclassTest.java:21)
at test.amazon.testFolder.BaseclassTest.reportSetup(BaseclassTest.java:21)
at test.amazon.testFolder.BaseclassTest.reportSetup(BaseclassTest.java:21)
at test.amazon.testFolder.BaseclassTest.reportSetup(BaseclassTest.java:21)
at test.amazon.testFolder.BaseclassTest.reportSetup(BaseclassTest.java:21)
at test.amazon.testFolder.BaseclassTest.reportSetup(BaseclassTest.java:21)
at test.amazon.testFolder.BaseclassTest.reportSetup(BaseclassTest.java:21)
at test.amazon.testFolder.BaseclassTest.reportSetup(BaseclassTest.java:21)
at test.amazon.testFolder.BaseclassTest.reportSetup(BaseclassTest.java:21)
at test.amazon.testFolder.BaseclassTest.reportSetup(BaseclassTest.java:21)
at test.amazon.testFolder.BaseclassTest.reportSetup(BaseclassTest.java:21)
at test.amazon.testFolder.BaseclassTest.reportSetup(BaseclassTest.java:21)
at test.amazon.testFolder.BaseclassTest.reportSetup(BaseclassTest.java:21)
at test.amazon.testFolder.BaseclassTest.reportSetup(BaseclassTest.java:21)
at test.amazon.testFolder.BaseclassTest.reportSetup(BaseclassTest.java:21)
at test.amazon.testFolder.BaseclassTest.reportSetup(BaseclassTest.java:21)
at test.amazon.testFolder.BaseclassTest.reportSetup(BaseclassTest.java:21)
at test.amazon.testFolder.BaseclassTest.reportSetup(BaseclassTest.java:21)
at test.amazon.testFolder.BaseclassTest.reportSetup(BaseclassTest.java:21)
at test.amazon.testFolder.BaseclassTest.reportSetup(BaseclassTest.java:21)
at test.amazon.testFolder.BaseclassTest.reportSetup(BaseclassTest.java:21)
at test.amazon.testFolder.BaseclassTest.reportSetup(BaseclassTest.java:21)
at test.amazon.testFolder.BaseclassTest.reportSetup(BaseclassTest.java:21)
at test.amazon.testFolder.BaseclassTest.reportSetup(BaseclassTest.java:21)
at test.amazon.testFolder.BaseclassTest.reportSetup(BaseclassTest.java:21)
at test.amazon.testFolder.BaseclassTest.reportSetup(BaseclassTest.java:21)
at test.amazon.testFolder.BaseclassTest.reportSetup(BaseclassTest.java:21)
at test.amazon.testFolder.BaseclassTest.reportSetup(BaseclassTest.java:21)
at test.amazon.testFolder.BaseclassTest.reportSetup(BaseclassTest.java:21)
at test.amazon.testFolder.BaseclassTest.reportSetup(BaseclassTest.java:21)
at test.amazon.testFolder.BaseclassTest.reportSetup(BaseclassTest.java:21)
at test.amazon.testFolder.BaseclassTest.reportSetup(BaseclassTest.java:21)
at test.amazon.testFolder.BaseclassTest.reportSetup(BaseclassTest.java:21)
at test.amazon.testFolder.BaseclassTest.reportSetup(BaseclassTest.java:21)
at test.amazon.testFolder.BaseclassTest.reportSetup(BaseclassTest.java:21)
at test.amazon.testFolder.BaseclassTest.reportSetup(BaseclassTest.java:21)
at test.amazon.testFolder.BaseclassTest.reportSetup(BaseclassTest.java:21)
at test.amazon.testFolder.BaseclassTest.reportSetup(BaseclassTest.java:21)
at test.amazon.testFolder.BaseclassTest.reportSetup(BaseclassTest.java:21)
at test.amazon.testFolder.BaseclassTest.reportSetup(BaseclassTest.java:21)
at test.amazon.testFolder.BaseclassTest.reportSetup(BaseclassTest.java:21)
at test.amazon.testFolder.BaseclassTest.reportSetup(BaseclassTest.java:21)
at test.amazon.testFolder.BaseclassTest.reportSetup(BaseclassTest.java:21)
at test.amazon.testFolder.BaseclassTest.reportSetup(BaseclassTest.java:21)
at test.amazon.testFolder.BaseclassTest.reportSetup(BaseclassTest.java:21)
at test.amazon.testFolder.BaseclassTest.reportSetup(BaseclassTest.java:21)
at test.amazon.testFolder.BaseclassTest.reportSetup(BaseclassTest.java:21)
at test.amazon.testFolder.BaseclassTest.reportSetup(BaseclassTest.java:21)
at test.amazon.testFolder.BaseclassTest.reportSetup(BaseclassTest.java:21)
at test.amazon.testFolder.BaseclassTest.reportSetup(BaseclassTest.java:21)
at test.amazon.testFolder.BaseclassTest.reportSetup(BaseclassTest.java:21)
at test.amazon.testFolder.BaseclassTest.reportSetup(BaseclassTest.java:21)
at test.amazon.testFolder.BaseclassTest.reportSetup(BaseclassTest.java:21)
at test.amazon.testFolder.BaseclassTest.reportSetup(BaseclassTest.java:21)
at test.amazon.testFolder.BaseclassTest.reportSetup(BaseclassTest.java:21)
at test.amazon.testFolder.BaseclassTest.reportSetup(BaseclassTest.java:21)
at test.amazon.testFolder.BaseclassTest.reportSetup(BaseclassTest.java:21)
at test.amazon.testFolder.BaseclassTest.reportSetup(BaseclassTest.java:21)
at test.amazon.testFolder.BaseclassTest.reportSetup(BaseclassTest.java:21)
at test.amazon.testFolder.BaseclassTest.reportSetup(BaseclassTest.java:21)
at test.amazon.testFolder.BaseclassTest.reportSetup(BaseclassTest.java:21)
at test.amazon.testFolder.BaseclassTest.reportSetup(BaseclassTest.java:21)
at test.amazon.testFolder.BaseclassTest.reportSetup(BaseclassTest.java:21)
at test.amazon.testFolder.BaseclassTest.reportSetup(BaseclassTest.java:21)
at test.amazon.testFolder.BaseclassTest.reportSetup(BaseclassTest.java:21)
at test.amazon.testFolder.BaseclassTest.reportSetup(BaseclassTest.java:21)
at test.amazon.testFolder.BaseclassTest.reportSetup(BaseclassTest.java:21)
at test.amazon.testFolder.BaseclassTest.reportSetup(BaseclassTest.java:21)
at test.amazon.testFolder.BaseclassTest.reportSetup(BaseclassTest.java:21)
at test.amazon.testFolder.BaseclassTest.reportSetup(BaseclassTest.java:21)
at test.amazon.testFolder.BaseclassTest.reportSetup(BaseclassTest.java:21)
at test.amazon.testFolder.BaseclassTest.reportSetup(BaseclassTest.java:21)
at test.amazon.testFolder.BaseclassTest.reportSetup(BaseclassTest.java:21)
at test.amazon.testFolder.BaseclassTest.reportSetup(BaseclassTest.java:21)
at test.amazon.testFolder.BaseclassTest.reportSetup(BaseclassTest.java:21)
at test.amazon.testFolder.BaseclassTest.reportSetup(BaseclassTest.java:21)
at test.amazon.testFolder.BaseclassTest.reportSetup(BaseclassTest.java:21)
at test.amazon.testFolder.BaseclassTest.reportSetup(BaseclassTest.java:21)
at test.amazon.testFolder.BaseclassTest.reportSetup(BaseclassTest.java:21)
at test.amazon.testFolder.BaseclassTest.reportSetup(BaseclassTest.java:21)
at test.amazon.testFolder.BaseclassTest.reportSetup(BaseclassTest.java:21)
at test.amazon.testFolder.BaseclassTest.reportSetup(BaseclassTest.java:21)
at test.amazon.testFolder.BaseclassTest.reportSetup(BaseclassTest.java:21)
at test.amazon.testFolder.BaseclassTest.reportSetup(BaseclassTest.java:21)
at test.amazon.testFolder.BaseclassTest.reportSetup(BaseclassTest.java:21)
at test.amazon.testFolder.BaseclassTest.reportSetup(BaseclassTest.java:21)
at test.amazon.testFolder.BaseclassTest.reportSetup(BaseclassTest.java:21)
at test.amazon.testFolder.BaseclassTest.reportSetup(BaseclassTest.java:21)
at test.amazon.testFolder.BaseclassTest.reportSetup(BaseclassTest.java:21)
at test.amazon.testFolder.BaseclassTest.reportSetup(BaseclassTest.java:21)
at test.amazon.testFolder.BaseclassTest.reportSetup(BaseclassTest.java:21)
at test.amazon.testFolder.BaseclassTest.reportSetup(BaseclassTest.java:21)
at test.amazon.testFolder.BaseclassTest.reportSetup(BaseclassTest.java:21)
at test.amazon.testFolder.BaseclassTest.reportSetup(BaseclassTest.java:21)
at test.amazon.testFolder.BaseclassTest.reportSetup(BaseclassTest.java:21)
at test.amazon.testFolder.BaseclassTest.reportSetup(BaseclassTest.java:21)
at test.amazon.testFolder.BaseclassTest.reportSetup(BaseclassTest.java:21)
at test.amazon.testFolder.BaseclassTest.reportSetup(BaseclassTest.java:21)
at test.amazon.testFolder.BaseclassTest.reportSetup(BaseclassTest.java:21)
at test.amazon.testFolder.BaseclassTest.reportSetup(BaseclassTest.java:21)
at test.amazon.testFolder.BaseclassTest.reportSetup(BaseclassTest.java:21)
at test.amazon.testFolder.BaseclassTest.reportSetup(BaseclassTest.java:21)
at test.amazon.testFolder.BaseclassTest.reportSetup(BaseclassTest.java:21)
at test.amazon.testFolder.BaseclassTest.reportSetup(BaseclassTest.java:21)
at test.amazon.testFolder.BaseclassTest.reportSetup(BaseclassTest.java:21)
at test.amazon.testFolder.BaseclassTest.reportSetup(BaseclassTest.java:21)
at test.amazon.testFolder.BaseclassTest.reportSetup(BaseclassTest.java:21)
at test.amazon.testFolder.BaseclassTest.reportSetup(BaseclassTest.java:21)
at test.amazon.testFolder.BaseclassTest.reportSetup(BaseclassTest.java:21)
at test.amazon.testFolder.BaseclassTest.reportSetup(BaseclassTest.java:21)
at test.amazon.testFolder.BaseclassTest.reportSetup(BaseclassTest.java:21)
at test.amazon.testFolder.BaseclassTest.reportSetup(BaseclassTest.java:21)
at test.amazon.testFolder.BaseclassTest.reportSetup(BaseclassTest.java:21)
at test.amazon.testFolder.BaseclassTest.reportSetup(BaseclassTest.java:21)
at test.amazon.testFolder.BaseclassTest.reportSetup(BaseclassTest.java:21)
at test.amazon.testFolder.BaseclassTest.reportSetup(BaseclassTest.java:21)
at test.amazon.testFolder.BaseclassTest.reportSetup(BaseclassTest.java:21)
at test.amazon.testFolder.BaseclassTest.reportSetup(BaseclassTest.java:21)
at test.amazon.testFolder.BaseclassTest.reportSetup(BaseclassTest.java:21)
at test.amazon.testFolder.BaseclassTest.reportSetup(BaseclassTest.java:21)
at test.amazon.testFolder.BaseclassTest.reportSetup(BaseclassTest.java:21)
at test.amazon.testFolder.BaseclassTest.reportSetup(BaseclassTest.java:21)
at test.amazon.testFolder.BaseclassTest.reportSetup(BaseclassTest.java:21)
at test.amazon.testFolder.BaseclassTest.reportSetup(BaseclassTest.java:21)
at test.amazon.testFolder.BaseclassTest.reportSetup(BaseclassTest.java:21)
at test.amazon.testFolder.BaseclassTest.reportSetup(BaseclassTest.java:21)
at test.amazon.testFolder.BaseclassTest.reportSetup(BaseclassTest.java:21)
at test.amazon.testFolder.BaseclassTest.reportSetup(BaseclassTest.java:21)
at test.amazon.testFolder.BaseclassTest.reportSetup(BaseclassTest.java:21)
at test.amazon.testFolder.BaseclassTest.reportSetup(BaseclassTest.java:21)
at test.amazon.testFolder.BaseclassTest.reportSetup(BaseclassTest.java:21)
at test.amazon.testFolder.BaseclassTest.reportSetup(BaseclassTest.java:21)
at test.amazon.testFolder.BaseclassTest.reportSetup(BaseclassTest.java:21)
at test.amazon.testFolder.BaseclassTest.reportSetup(BaseclassTest.java:21)
at test.amazon.testFolder.BaseclassTest.reportSetup(BaseclassTest.java:21)
at test.amazon.testFolder.BaseclassTest.reportSetup(BaseclassTest.java:21)
at test.amazon.testFolder.BaseclassTest.reportSetup(BaseclassTest.java:21)
at test.amazon.testFolder.BaseclassTest.reportSetup(BaseclassTest.java:21)
at test.amazon.testFolder.BaseclassTest.reportSetup(BaseclassTest.java:21)
at test.amazon.testFolder.BaseclassTest.reportSetup(BaseclassTest.java:21)
at test.amazon.testFolder.BaseclassTest.reportSetup(BaseclassTest.java:21)
at test.amazon.testFolder.BaseclassTest.reportSetup(BaseclassTest.java:21)
at test.amazon.testFolder.BaseclassTest.reportSetup(BaseclassTest.java:21)
at test.amazon.testFolder.BaseclassTest.reportSetup(BaseclassTest.java:21)
at test.amazon.testFolder.BaseclassTest.reportSetup(BaseclassTest.java:21)
at test.amazon.testFolder.BaseclassTest.reportSetup(BaseclassTest.java:21)
at test.amazon.testFolder.BaseclassTest.reportSetup(BaseclassTest.java:21)
at test.amazon.testFolder.BaseclassTest.reportSetup(BaseclassTest.java:21)
at test.amazon.testFolder.BaseclassTest.reportSetup(BaseclassTest.java:21)
at test.amazon.testFolder.BaseclassTest.reportSetup(BaseclassTest.java:21)
at test.amazon.testFolder.BaseclassTest.reportSetup(BaseclassTest.java:21)
at test.amazon.testFolder.BaseclassTest.reportSetup(BaseclassTest.java:21)
at test.amazon.testFolder.BaseclassTest.reportSetup(BaseclassTest.java:21)
at test.amazon.testFolder.BaseclassTest.reportSetup(BaseclassTest.java:21)
at test.amazon.testFolder.BaseclassTest.reportSetup(BaseclassTest.java:21)
at test.amazon.testFolder.BaseclassTest.reportSetup(BaseclassTest.java:21)
at test.amazon.testFolder.BaseclassTest.reportSetup(BaseclassTest.java:21)
at test.amazon.testFolder.BaseclassTest.reportSetup(BaseclassTest.java:21)
at test.amazon.testFolder.BaseclassTest.reportSetup(BaseclassTest.java:21)
at test.amazon.testFolder.BaseclassTest.reportSetup(BaseclassTest.java:21)
at test.amazon.testFolder.BaseclassTest.reportSetup(BaseclassTest.java:21)
at test.amazon.testFolder.BaseclassTest.reportSetup(BaseclassTest.java:21)
at test.amazon.testFolder.BaseclassTest.reportSetup(BaseclassTest.java:21)
at test.amazon.testFolder.BaseclassTest.reportSetup(BaseclassTest.java:21)
at test.amazon.testFolder.BaseclassTest.reportSetup(BaseclassTest.java:21)
at test.amazon.testFolder.BaseclassTest.reportSetup(BaseclassTest.java:21)
at test.amazon.testFolder.BaseclassTest.reportSetup(BaseclassTest.java:21)
at test.amazon.testFolder.BaseclassTest.reportSetup(BaseclassTest.java:21)
at test.amazon.testFolder.BaseclassTest.reportSetup(BaseclassTest.java:21)
at test.amazon.testFolder.BaseclassTest.reportSetup(BaseclassTest.java:21)
at test.amazon.testFolder.BaseclassTest.reportSetup(BaseclassTest.java:21)
at test.amazon.testFolder.BaseclassTest.reportSetup(BaseclassTest.java:21)
at test.amazon.testFolder.BaseclassTest.reportSetup(BaseclassTest.java:21)
at test.amazon.testFolder.BaseclassTest.reportSetup(BaseclassTest.java:21)
at test.amazon.testFolder.BaseclassTest.reportSetup(BaseclassTest.java:21)
at test.amazon.testFolder.BaseclassTest.reportSetup(BaseclassTest.java:21)
at test.amazon.testFolder.BaseclassTest.reportSetup(BaseclassTest.java:21)
at test.amazon.testFolder.BaseclassTest.reportSetup(BaseclassTest.java:21)
at test.amazon.testFolder.BaseclassTest.reportSetup(BaseclassTest.java:21)
at test.amazon.testFolder.BaseclassTest.reportSetup(BaseclassTest.java:21)
at test.amazon.testFolder.BaseclassTest.reportSetup(BaseclassTest.java:21)
at test.amazon.testFolder.BaseclassTest.reportSetup(BaseclassTest.java:21)
at test.amazon.testFolder.BaseclassTest.reportSetup(BaseclassTest.java:21)
at test.amazon.testFolder.BaseclassTest.reportSetup(BaseclassTest.java:21)
at test.amazon.testFolder.BaseclassTest.reportSetup(BaseclassTest.java:21)
at test.amazon.testFolder.BaseclassTest.reportSetup(BaseclassTest.java:21)
at test.amazon.testFolder.BaseclassTest.reportSetup(BaseclassTest.java:21)
at test.amazon.testFolder.BaseclassTest.reportSetup(BaseclassTest.java:21)
at test.amazon.testFolder.BaseclassTest.reportSetup(BaseclassTest.java:21)
at test.amazon.testFolder.BaseclassTest.reportSetup(BaseclassTest.java:21)
at test.amazon.testFolder.BaseclassTest.reportSetup(BaseclassTest.java:21)
at test.amazon.testFolder.BaseclassTest.reportSetup(BaseclassTest.java:21)
at test.amazon.testFolder.BaseclassTest.reportSetup(BaseclassTest.java:21)
at test.amazon.testFolder.BaseclassTest.reportSetup(BaseclassTest.java:21)
at test.amazon.testFolder.BaseclassTest.reportSetup(BaseclassTest.java:21)
at test.amazon.testFolder.BaseclassTest.reportSetup(BaseclassTest.java:21)
at test.amazon.testFolder.BaseclassTest.reportSetup(BaseclassTest.java:21)
at test.amazon.testFolder.BaseclassTest.reportSetup(BaseclassTest.java:21)
at test.amazon.testFolder.BaseclassTest.reportSetup(BaseclassTest.java:21)
at test.amazon.testFolder.BaseclassTest.reportSetup(BaseclassTest.java:21)
at test.amazon.testFolder.BaseclassTest.reportSetup(BaseclassTest.java:21)
at test.amazon.testFolder.BaseclassTest.reportSetup(BaseclassTest.java:21)
at test.amazon.testFolder.BaseclassTest.reportSetup(BaseclassTest.java:21)
at test.amazon.testFolder.BaseclassTest.reportSetup(BaseclassTest.java:21)
at test.amazon.testFolder.BaseclassTest.reportSetup(BaseclassTest.java:21)
at test.amazon.testFolder.BaseclassTest.reportSetup(BaseclassTest.java:21)
at test.amazon.testFolder.BaseclassTest.reportSetup(BaseclassTest.java:21)
at test.amazon.testFolder.BaseclassTest.reportSetup(BaseclassTest.java:21)
at test.amazon.testFolder.BaseclassTest.reportSetup(BaseclassTest.java:21)
at test.amazon.testFolder.BaseclassTest.reportSetup(BaseclassTest.java:21)
at test.amazon.testFolder.BaseclassTest.reportSetup(BaseclassTest.java:21)
at test.amazon.testFolder.BaseclassTest.reportSetup(BaseclassTest.java:21)
at test.amazon.testFolder.BaseclassTest.reportSetup(BaseclassTest.java:21)
at test.amazon.testFolder.BaseclassTest.reportSetup(BaseclassTest.java:21)
at test.amazon.testFolder.BaseclassTest.reportSetup(BaseclassTest.java:21)
at test.amazon.testFolder.BaseclassTest.reportSetup(BaseclassTest.java:21)
at test.amazon.testFolder.BaseclassTest.reportSetup(BaseclassTest.java:21)
at test.amazon.testFolder.BaseclassTest.reportSetup(BaseclassTest.java:21)
at test.amazon.testFolder.BaseclassTest.reportSetup(BaseclassTest.java:21)
at test.amazon.testFolder.BaseclassTest.reportSetup(BaseclassTest.java:21)
at test.amazon.testFolder.BaseclassTest.reportSetup(BaseclassTest.java:21)
at test.amazon.testFolder.BaseclassTest.reportSetup(BaseclassTest.java:21)
at test.amazon.testFolder.BaseclassTest.reportSetup(BaseclassTest.java:21)
at test.amazon.testFolder.BaseclassTest.reportSetup(BaseclassTest.java:21)
at test.amazon.testFolder.BaseclassTest.reportSetup(BaseclassTest.java:21)
at test.amazon.testFolder.BaseclassTest.reportSetup(BaseclassTest.java:21)
at test.amazon.testFolder.BaseclassTest.reportSetup(BaseclassTest.java:21)
at test.amazon.testFolder.BaseclassTest.reportSetup(BaseclassTest.java:21)
at test.amazon.testFolder.BaseclassTest.reportSetup(BaseclassTest.java:21)
at test.amazon.testFolder.BaseclassTest.reportSetup(BaseclassTest.java:21)
at test.amazon.testFolder.BaseclassTest.reportSetup(BaseclassTest.java:21)
at test.amazon.testFolder.BaseclassTest.reportSetup(BaseclassTest.java:21)
at test.amazon.testFolder.BaseclassTest.reportSetup(BaseclassTest.java:21)
at test.amazon.testFolder.BaseclassTest.reportSetup(BaseclassTest.java:21)
at test.amazon.testFolder.BaseclassTest.reportSetup(BaseclassTest.java:21)
at test.amazon.testFolder.BaseclassTest.reportSetup(BaseclassTest.java:21)
at test.amazon.testFolder.BaseclassTest.reportSetup(BaseclassTest.java:21)
at test.amazon.testFolder.BaseclassTest.reportSetup(BaseclassTest.java:21)
at test.amazon.testFolder.BaseclassTest.reportSetup(BaseclassTest.java:21)
at test.amazon.testFolder.BaseclassTest.reportSetup(BaseclassTest.java:21)
at test.amazon.testFolder.BaseclassTest.reportSetup(BaseclassTest.java:21)
at test.amazon.testFolder.BaseclassTest.reportSetup(BaseclassTest.java:21)
at test.amazon.testFolder.BaseclassTest.reportSetup(BaseclassTest.java:21)
at test.amazon.testFolder.BaseclassTest.reportSetup(BaseclassTest.java:21)
at test.amazon.testFolder.BaseclassTest.reportSetup(BaseclassTest.java:21)
at test.amazon.testFolder.BaseclassTest.reportSetup(BaseclassTest.java:21)
at test.amazon.testFolder.BaseclassTest.reportSetup(BaseclassTest.java:21)
at test.amazon.testFolder.BaseclassTest.reportSetup(BaseclassTest.java:21)
at test.amazon.testFolder.BaseclassTest.reportSetup(BaseclassTest.java:21)
at test.amazon.testFolder.BaseclassTest.reportSetup(BaseclassTest.java:21)
at test.amazon.testFolder.BaseclassTest.reportSetup(BaseclassTest.java:21)
at test.amazon.testFolder.BaseclassTest.reportSetup(BaseclassTest.java:21)
at test.amazon.testFolder.BaseclassTest.reportSetup(BaseclassTest.java:21)
at test.amazon.testFolder.BaseclassTest.reportSetup(BaseclassTest.java:21)
at test.amazon.testFolder.BaseclassTest.reportSetup(BaseclassTest.java:21)
at test.amazon.testFolder.BaseclassTest.reportSetup(BaseclassTest.java:21)
at test.amazon.testFolder.BaseclassTest.reportSetup(BaseclassTest.java:21)
at test.amazon.testFolder.BaseclassTest.reportSetup(BaseclassTest.java:21)
at test.amazon.testFolder.BaseclassTest.reportSetup(BaseclassTest.java:21)
at test.amazon.testFolder.BaseclassTest.reportSetup(BaseclassTest.java:21)
at test.amazon.testFolder.BaseclassTest.reportSetup(BaseclassTest.java:21)
at test.amazon.testFolder.BaseclassTest.reportSetup(BaseclassTest.java:21)
at test.amazon.testFolder.BaseclassTest.reportSetup(BaseclassTest.java:21)
at test.amazon.testFolder.BaseclassTest.reportSetup(BaseclassTest.java:21)
at test.amazon.testFolder.BaseclassTest.reportSetup(BaseclassTest.java:21)
at test.amazon.testFolder.BaseclassTest.reportSetup(BaseclassTest.java:21)
at test.amazon.testFolder.BaseclassTest.reportSetup(BaseclassTest.java:21)
at test.amazon.testFolder.BaseclassTest.reportSetup(BaseclassTest.java:21)
at test.amazon.testFolder.BaseclassTest.reportSetup(BaseclassTest.java:21)
at test.amazon.testFolder.BaseclassTest.reportSetup(BaseclassTest.java:21)
at test.amazon.testFolder.BaseclassTest.reportSetup(BaseclassTest.java:21)
at test.amazon.testFolder.BaseclassTest.reportSetup(BaseclassTest.java:21)
at test.amazon.testFolder.BaseclassTest.reportSetup(BaseclassTest.java:21)
at test.amazon.testFolder.BaseclassTest.reportSetup(BaseclassTest.java:21)
at test.amazon.testFolder.BaseclassTest.reportSetup(BaseclassTest.java:21)
at test.amazon.testFolder.BaseclassTest.reportSetup(BaseclassTest.java:21)
at test.amazon.testFolder.BaseclassTest.reportSetup(BaseclassTest.java:21)
at test.amazon.testFolder.BaseclassTest.reportSetup(BaseclassTest.java:21)
at test.amazon.testFolder.BaseclassTest.reportSetup(BaseclassTest.java:21)
at test.amazon.testFolder.BaseclassTest.reportSetup(BaseclassTest.java:21)
at test.amazon.testFolder.BaseclassTest.reportSetup(BaseclassTest.java:21)
at test.amazon.testFolder.BaseclassTest.reportSetup(BaseclassTest.java:21)
at test.amazon.testFolder.BaseclassTest.reportSetup(BaseclassTest.java:21)
at test.amazon.testFolder.BaseclassTest.reportSetup(BaseclassTest.java:21)
at test.amazon.testFolder.BaseclassTest.reportSetup(BaseclassTest.java:21)
at test.amazon.testFolder.BaseclassTest.reportSetup(BaseclassTest.java:21)
at test.amazon.testFolder.BaseclassTest.reportSetup(BaseclassTest.java:21)
at test.amazon.testFolder.BaseclassTest.reportSetup(BaseclassTest.java:21)
at test.amazon.testFolder.BaseclassTest.reportSetup(BaseclassTest.java:21)
at test.amazon.testFolder.BaseclassTest.reportSetup(BaseclassTest.java:21)
at test.amazon.testFolder.BaseclassTest.reportSetup(BaseclassTest.java:21)
at test.amazon.testFolder.BaseclassTest.reportSetup(BaseclassTest.java:21)
at test.amazon.testFolder.BaseclassTest.reportSetup(BaseclassTest.java:21)
at test.amazon.testFolder.BaseclassTest.reportSetup(BaseclassTest.java:21)
at test.amazon.testFolder.BaseclassTest.reportSetup(BaseclassTest.java:21)
at test.amazon.testFolder.BaseclassTest.reportSetup(BaseclassTest.java:21)
at test.amazon.testFolder.BaseclassTest.reportSetup(BaseclassTest.java:21)
at test.amazon.testFolder.BaseclassTest.reportSetup(BaseclassTest.java:21)
at test.amazon.testFolder.BaseclassTest.reportSetup(BaseclassTest.java:21)
at test.amazon.testFolder.BaseclassTest.reportSetup(BaseclassTest.java:21)
at test.amazon.testFolder.BaseclassTest.reportSetup(BaseclassTest.java:21)
at test.amazon.testFolder.BaseclassTest.reportSetup(BaseclassTest.java:21)
at test.amazon.testFolder.BaseclassTest.reportSetup(BaseclassTest.java:21)
at test.amazon.testFolder.BaseclassTest.reportSetup(BaseclassTest.java:21)
at test.amazon.testFolder.BaseclassTest.reportSetup(BaseclassTest.java:21)
at test.amazon.testFolder.BaseclassTest.reportSetup(BaseclassTest.java:21)
at test.amazon.testFolder.BaseclassTest.reportSetup(BaseclassTest.java:21)
at test.amazon.testFolder.BaseclassTest.reportSetup(BaseclassTest.java:21)
at test.amazon.testFolder.BaseclassTest.reportSetup(BaseclassTest.java:21)
at test.amazon.testFolder.BaseclassTest.reportSetup(BaseclassTest.java:21)
at test.amazon.testFolder.BaseclassTest.reportSetup(BaseclassTest.java:21)
at test.amazon.testFolder.BaseclassTest.reportSetup(BaseclassTest.java:21)
at test.amazon.testFolder.BaseclassTest.reportSetup(BaseclassTest.java:21)
at test.amazon.testFolder.BaseclassTest.reportSetup(BaseclassTest.java:21)
at test.amazon.testFolder.BaseclassTest.reportSetup(BaseclassTest.java:21)
at test.amazon.testFolder.BaseclassTest.reportSetup(BaseclassTest.java:21)
at test.amazon.testFolder.BaseclassTest.reportSetup(BaseclassTest.java:21)
at test.amazon.testFolder.BaseclassTest.reportSetup(BaseclassTest.java:21)
at test.amazon.testFolder.BaseclassTest.reportSetup(BaseclassTest.java:21)
at test.amazon.testFolder.BaseclassTest.reportSetup(BaseclassTest.java:21)
at test.amazon.testFolder.BaseclassTest.reportSetup(BaseclassTest.java:21)
at test.amazon.testFolder.BaseclassTest.reportSetup(BaseclassTest.java:21)
at test.amazon.testFolder.BaseclassTest.reportSetup(BaseclassTest.java:21)
at test.amazon.testFolder.BaseclassTest.reportSetup(BaseclassTest.java:21)
at test.amazon.testFolder.BaseclassTest.reportSetup(BaseclassTest.java:21)
at test.amazon.testFolder.BaseclassTest.reportSetup(BaseclassTest.java:21)
at test.amazon.testFolder.BaseclassTest.reportSetup(BaseclassTest.java:21)
at test.amazon.testFolder.BaseclassTest.reportSetup(BaseclassTest.java:21)
at test.amazon.testFolder.BaseclassTest.reportSetup(BaseclassTest.java:21)
at test.amazon.testFolder.BaseclassTest.reportSetup(BaseclassTest.java:21)
at test.amazon.testFolder.BaseclassTest.reportSetup(BaseclassTest.java:21)
at test.amazon.testFolder.BaseclassTest.reportSetup(BaseclassTest.java:21)
at test.amazon.testFolder.BaseclassTest.reportSetup(BaseclassTest.java:21)
at test.amazon.testFolder.BaseclassTest.reportSetup(BaseclassTest.java:21)
at test.amazon.testFolder.BaseclassTest.reportSetup(BaseclassTest.java:21)
at test.amazon.testFolder.BaseclassTest.reportSetup(BaseclassTest.java:21)
at test.amazon.testFolder.BaseclassTest.reportSetup(BaseclassTest.java:21)
at test.amazon.testFolder.BaseclassTest.reportSetup(BaseclassTest.java:21)
at test.amazon.testFolder.BaseclassTest.reportSetup(BaseclassTest.java:21)
at test.amazon.testFolder.BaseclassTest.reportSetup(BaseclassTest.java:21)
at test.amazon.testFolder.BaseclassTest.reportSetup(BaseclassTest.java:21)
at test.amazon.testFolder.BaseclassTest.reportSetup(BaseclassTest.java:21)
at test.amazon.testFolder.BaseclassTest.reportSetup(BaseclassTest.java:21)
at test.amazon.testFolder.BaseclassTest.reportSetup(BaseclassTest.java:21)
at test.amazon.testFolder.BaseclassTest.reportSetup(BaseclassTest.java:21)
at test.amazon.testFolder.BaseclassTest.reportSetup(BaseclassTest.java:21)
at test.amazon.testFolder.BaseclassTest.reportSetup(BaseclassTest.java:21)
at test.amazon.testFolder.BaseclassTest.reportSetup(BaseclassTest.java:21)
at test.amazon.testFolder.BaseclassTest.reportSetup(BaseclassTest.java:21)
at test.amazon.testFolder.BaseclassTest.reportSetup(BaseclassTest.java:21)
at test.amazon.testFolder.BaseclassTest.reportSetup(BaseclassTest.java:21)
at test.amazon.testFolder.BaseclassTest.reportSetup(BaseclassTest.java:21)
at test.amazon.testFolder.BaseclassTest.reportSetup(BaseclassTest.java:21)
at test.amazon.testFolder.BaseclassTest.reportSetup(BaseclassTest.java:21)
at test.amazon.testFolder.BaseclassTest.reportSetup(BaseclassTest.java:21)
at test.amazon.testFolder.BaseclassTest.reportSetup(BaseclassTest.java:21)
at test.amazon.testFolder.BaseclassTest.reportSetup(BaseclassTest.java:21)
at test.amazon.testFolder.BaseclassTest.reportSetup(BaseclassTest.java:21)
at test.amazon.testFolder.BaseclassTest.reportSetup(BaseclassTest.java:21)
at test.amazon.testFolder.BaseclassTest.reportSetup(BaseclassTest.java:21)
at test.amazon.testFolder.BaseclassTest.reportSetup(BaseclassTest.java:21)
at test.amazon.testFolder.BaseclassTest.reportSetup(BaseclassTest.java:21)
at test.amazon.testFolder.BaseclassTest.reportSetup(BaseclassTest.java:21)
at test.amazon.testFolder.BaseclassTest.reportSetup(BaseclassTest.java:21)
at test.amazon.testFolder.BaseclassTest.reportSetup(BaseclassTest.java:21)
at test.amazon.testFolder.BaseclassTest.reportSetup(BaseclassTest.java:21)
at test.amazon.testFolder.BaseclassTest.reportSetup(BaseclassTest.java:21)
at test.amazon.testFolder.BaseclassTest.reportSetup(BaseclassTest.java:21)
at test.amazon.testFolder.BaseclassTest.reportSetup(BaseclassTest.java:21)
at test.amazon.testFolder.BaseclassTest.reportSetup(BaseclassTest.java:21)
at test.amazon.testFolder.BaseclassTest.reportSetup(BaseclassTest.java:21)
at test.amazon.testFolder.BaseclassTest.reportSetup(BaseclassTest.java:21)
at test.amazon.testFolder.BaseclassTest.reportSetup(BaseclassTest.java:21)
at test.amazon.testFolder.BaseclassTest.reportSetup(BaseclassTest.java:21)
at test.amazon.testFolder.BaseclassTest.reportSetup(BaseclassTest.java:21)
at test.amazon.testFolder.BaseclassTest.reportSetup(BaseclassTest.java:21)
at test.amazon.testFolder.BaseclassTest.reportSetup(BaseclassTest.java:21)
at test.amazon.testFolder.BaseclassTest.reportSetup(BaseclassTest.java:21)
at test.amazon.testFolder.BaseclassTest.reportSetup(BaseclassTest.java:21)
at test.amazon.testFolder.BaseclassTest.reportSetup(BaseclassTest.java:21)
at test.amazon.testFolder.BaseclassTest.reportSetup(BaseclassTest.java:21)
at test.amazon.testFolder.BaseclassTest.reportSetup(BaseclassTest.java:21)
at test.amazon.testFolder.BaseclassTest.reportSetup(BaseclassTest.java:21)
at test.amazon.testFolder.BaseclassTest.reportSetup(BaseclassTest.java:21)
at test.amazon.testFolder.BaseclassTest.reportSetup(BaseclassTest.java:21)
at test.amazon.testFolder.BaseclassTest.reportSetup(BaseclassTest.java:21)
at test.amazon.testFolder.BaseclassTest.reportSetup(BaseclassTest.java:21)
at test.amazon.testFolder.BaseclassTest.reportSetup(BaseclassTest.java:21)
at test.amazon.testFolder.BaseclassTest.reportSetup(BaseclassTest.java:21)
at test.amazon.testFolder.BaseclassTest.reportSetup(BaseclassTest.java:21)
at test.amazon.testFolder.BaseclassTest.reportSetup(BaseclassTest.java:21)
at test.amazon.testFolder.BaseclassTest.reportSetup(BaseclassTest.java:21)
at test.amazon.testFolder.BaseclassTest.reportSetup(BaseclassTest.java:21)
at test.amazon.testFolder.BaseclassTest.reportSetup(BaseclassTest.java:21)
at test.amazon.testFolder.BaseclassTest.reportSetup(BaseclassTest.java:21)
at test.amazon.testFolder.BaseclassTest.reportSetup(BaseclassTest.java:21)
at test.amazon.testFolder.BaseclassTest.reportSetup(BaseclassTest.java:21)
at test.amazon.testFolder.BaseclassTest.reportSetup(BaseclassTest.java:21)
at test.amazon.testFolder.BaseclassTest.reportSetup(BaseclassTest.java:21)
at test.amazon.testFolder.BaseclassTest.reportSetup(BaseclassTest.java:21)
at test.amazon.testFolder.BaseclassTest.reportSetup(BaseclassTest.java:21)
at test.amazon.testFolder.BaseclassTest.reportSetup(BaseclassTest.java:21)
at test.amazon.testFolder.BaseclassTest.reportSetup(BaseclassTest.java:21)
at test.amazon.testFolder.BaseclassTest.reportSetup(BaseclassTest.java:21)
at test.amazon.testFolder.BaseclassTest.reportSetup(BaseclassTest.java:21)
at test.amazon.testFolder.BaseclassTest.reportSetup(BaseclassTest.java:21)
at test.amazon.testFolder.BaseclassTest.reportSetup(BaseclassTest.java:21)
at test.amazon.testFolder.BaseclassTest.reportSetup(BaseclassTest.java:21)
at test.amazon.testFolder.BaseclassTest.reportSetup(BaseclassTest.java:21)
at test.amazon.testFolder.BaseclassTest.reportSetup(BaseclassTest.java:21)
at test.amazon.testFolder.BaseclassTest.reportSetup(BaseclassTest.java:21)
at test.amazon.testFolder.BaseclassTest.reportSetup(BaseclassTest.java:21)
at test.amazon.testFolder.BaseclassTest.reportSetup(BaseclassTest.java:21)
at test.amazon.testFolder.BaseclassTest.reportSetup(BaseclassTest.java:21)
at test.amazon.testFolder.BaseclassTest.reportSetup(BaseclassTest.java:21)
at test.amazon.testFolder.BaseclassTest.reportSetup(BaseclassTest.java:21)
at test.amazon.testFolder.BaseclassTest.reportSetup(BaseclassTest.java:21)
at test.amazon.testFolder.BaseclassTest.reportSetup(BaseclassTest.java:21)
at test.amazon.testFolder.BaseclassTest.reportSetup(BaseclassTest.java:21)
at test.amazon.testFolder.BaseclassTest.reportSetup(BaseclassTest.java:21)
at test.amazon.testFolder.BaseclassTest.reportSetup(BaseclassTest.java:21)
at test.amazon.testFolder.BaseclassTest.reportSetup(BaseclassTest.java:21)
at test.amazon.testFolder.BaseclassTest.reportSetup(BaseclassTest.java:21)
at test.amazon.testFolder.BaseclassTest.reportSetup(BaseclassTest.java:21)
at test.amazon.testFolder.BaseclassTest.reportSetup(BaseclassTest.java:21)
at test.amazon.testFolder.BaseclassTest.reportSetup(BaseclassTest.java:21)
at test.amazon.testFolder.BaseclassTest.reportSetup(BaseclassTest.java:21)
at test.amazon.testFolder.BaseclassTest.reportSetup(BaseclassTest.java:21)
at test.amazon.testFolder.BaseclassTest.reportSetup(BaseclassTest.java:21)
at test.amazon.testFolder.BaseclassTest.reportSetup(BaseclassTest.java:21)
at test.amazon.testFolder.BaseclassTest.reportSetup(BaseclassTest.java:21)
at test.amazon.testFolder.BaseclassTest.reportSetup(BaseclassTest.java:21)
at test.amazon.testFolder.BaseclassTest.reportSetup(BaseclassTest.java:21)
at test.amazon.testFolder.BaseclassTest.reportSetup(BaseclassTest.java:21)
at test.amazon.testFolder.BaseclassTest.reportSetup(BaseclassTest.java:21)
at test.amazon.testFolder.BaseclassTest.reportSetup(BaseclassTest.java:21)
at test.amazon.testFolder.BaseclassTest.reportSetup(BaseclassTest.java:21)
]]>
    </error>
  </testcase> <!-- reportSetup -->
</testsuite> <!-- test.amazon.testFolder.BaseclassTest -->
