<?xml version="1.0" encoding="UTF-8"?>
<!-- Generated by org.testng.reporters.JUnitReportReporter -->
<testsuite hostname="Sumit" failures="0" tests="2" name="test.amazon.testFolder.LoginpageTest" time="24.145" errors="0" timestamp="2024-10-21T20:19:25 IST" skipped="0">
  <testcase classname="test.amazon.testFolder.LoginpageTest" name="userLogin" time="11.049"/>
  <system-out/>
  <testcase classname="test.amazon.testFolder.LoginpageTest" name="invalidLogin" time="13.096"/>
  <system-out/>
</testsuite> <!-- test.amazon.testFolder.LoginpageTest -->
