<?xml version="1.0" encoding="UTF-8"?>
<!-- Generated by org.testng.reporters.JUnitReportReporter -->
<testsuite hostname="Sumit" failures="0" tests="2" name="test.amazon.testFolder.HomepageTest" time="18.498" errors="0" timestamp="2024-10-18T11:49:23 IST" skipped="0">
  <testcase classname="test.amazon.testFolder.HomepageTest" name="getTitle" time="7.838"/>
  <testcase classname="test.amazon.testFolder.HomepageTest" name="test" time="10.660"/>
</testsuite> <!-- test.amazon.testFolder.HomepageTest -->
