<?xml version="1.0" encoding="UTF-8"?>
<!-- Generated by org.testng.reporters.JUnitReportReporter -->
<testsuite hostname="Sumit" failures="0" tests="1" name="test.amazon.testFolder.SearchproductTest" time="16.537" errors="0" timestamp="2024-10-18T11:49:23 IST" skipped="0">
  <testcase classname="test.amazon.testFolder.SearchproductTest" name="searchProduct" time="16.537"/>
</testsuite> <!-- test.amazon.testFolder.SearchproductTest -->
